This is pdfTeX, Version 3.14159265-2.6-1.40.15 (TeX Live 2014) (preloaded format=pdflatex 2014.6.19)  28 MAY 2015 14:56
entering extended mode
 restricted \write18 enabled.
 %&-line parsing enabled.
**1yr.tex
(./1yr.tex
LaTeX2e <2014/05/01>
Babel <3.9k> and hyphenation patterns for 78 languages loaded.
(/usr/local/texlive/2014/texmf-dist/tex/latex/base/report.cls
Document Class: report 2007/10/19 v1.4h Standard LaTeX document class
(/usr/local/texlive/2014/texmf-dist/tex/latex/base/size10.clo
File: size10.clo 2007/10/19 v1.4h Standard LaTeX file (size option)
)
\c@part=\count79
\c@chapter=\count80
\c@section=\count81
\c@subsection=\count82
\c@subsubsection=\count83
\c@paragraph=\count84
\c@subparagraph=\count85
\c@figure=\count86
\c@table=\count87
\abovecaptionskip=\skip41
\belowcaptionskip=\skip42
\bibindent=\dimen102
)
(/usr/local/texlive/2014/texmf-dist/tex/latex/graphics/graphicx.sty
Package: graphicx 2014/04/25 v1.0g Enhanced LaTeX Graphics (DPC,SPQR)

(/usr/local/texlive/2014/texmf-dist/tex/latex/graphics/keyval.sty
Package: keyval 2014/05/08 v1.15 key=value parser (DPC)
\KV@toks@=\toks14
)
(/usr/local/texlive/2014/texmf-dist/tex/latex/graphics/graphics.sty
Package: graphics 2009/02/05 v1.0o Standard LaTeX Graphics (DPC,SPQR)

(/usr/local/texlive/2014/texmf-dist/tex/latex/graphics/trig.sty
Package: trig 1999/03/16 v1.09 sin cos tan (DPC)
)
(/usr/local/texlive/2014/texmf-dist/tex/latex/latexconfig/graphics.cfg
File: graphics.cfg 2010/04/23 v1.9 graphics configuration of TeX Live
)
Package graphics Info: Driver file: pdftex.def on input line 91.

(/usr/local/texlive/2014/texmf-dist/tex/latex/pdftex-def/pdftex.def
File: pdftex.def 2011/05/27 v0.06d Graphics/color for pdfTeX

(/usr/local/texlive/2014/texmf-dist/tex/generic/oberdiek/infwarerr.sty
Package: infwarerr 2010/04/08 v1.3 Providing info/warning/error messages (HO)
)
(/usr/local/texlive/2014/texmf-dist/tex/generic/oberdiek/ltxcmds.sty
Package: ltxcmds 2011/11/09 v1.22 LaTeX kernel commands for general use (HO)
)
\Gread@gobject=\count88
))
\Gin@req@height=\dimen103
\Gin@req@width=\dimen104
)
(/usr/local/texlive/2014/texmf-dist/tex/latex/graphics/epsfig.sty
Package: epsfig 1999/02/16 v1.7a (e)psfig emulation (SPQR)
\epsfxsize=\dimen105
\epsfysize=\dimen106
)
(/usr/local/texlive/2014/texmf-dist/tex/latex/oberdiek/pdflscape.sty
Package: pdflscape 2008/08/11 v0.10 Display of landscape pages in PDF (HO)

(/usr/local/texlive/2014/texmf-dist/tex/latex/graphics/lscape.sty
Package: lscape 2000/10/22 v3.01 Landscape Pages (DPC)
)
(/usr/local/texlive/2014/texmf-dist/tex/generic/oberdiek/ifpdf.sty
Package: ifpdf 2011/01/30 v2.3 Provides the ifpdf switch (HO)
Package ifpdf Info: pdfTeX in PDF mode is detected.
)
Package pdflscape Info: Auto-detected driver: pdftex on input line 80.

(/usr/local/texlive/2014/texmf-dist/tex/generic/ifxetex/ifxetex.sty
Package: ifxetex 2010/09/12 v0.6 Provides ifxetex conditional
))
(/usr/local/texlive/2014/texmf-dist/tex/latex/rotating/rotating.sty
Package: rotating 2009/03/28 v2.16a rotated objects in LaTeX

(/usr/local/texlive/2014/texmf-dist/tex/latex/base/ifthen.sty
Package: ifthen 2001/05/26 v1.1c Standard LaTeX ifthen package (DPC)
)
\c@r@tfl@t=\count89
\rotFPtop=\skip43
\rotFPbot=\skip44
\rot@float@box=\box26
\rot@mess@toks=\toks15
)
(/usr/local/texlive/2014/texmf-dist/tex/latex/listings/listings.sty
\lst@mode=\count90
\lst@gtempboxa=\box27
\lst@token=\toks16
\lst@length=\count91
\lst@currlwidth=\dimen107
\lst@column=\count92
\lst@pos=\count93
\lst@lostspace=\dimen108
\lst@width=\dimen109
\lst@newlines=\count94
\lst@lineno=\count95
\lst@maxwidth=\dimen110

(/usr/local/texlive/2014/texmf-dist/tex/latex/listings/lstmisc.sty
File: lstmisc.sty 2014/03/04 1.5c (Carsten Heinz)
\c@lstnumber=\count96
\lst@skipnumbers=\count97
\lst@framebox=\box28
)
(/usr/local/texlive/2014/texmf-dist/tex/latex/listings/listings.cfg
File: listings.cfg 2014/03/04 1.5c listings configuration
))
Package: listings 2014/03/04 1.5c (Carsten Heinz)

(/usr/local/texlive/2014/texmf-dist/tex/latex/multirow/multirow.sty
\bigstrutjot=\dimen111
)
(/usr/local/texlive/2014/texmf-dist/tex/latex/tools/multicol.sty
Package: multicol 2014/04/23 v1.8e multicolumn formatting (FMi)
\c@tracingmulticols=\count98
\mult@box=\box29
\multicol@leftmargin=\dimen112
\c@unbalance=\count99
\c@collectmore=\count100
\doublecol@number=\count101
\multicoltolerance=\count102
\multicolpretolerance=\count103
\full@width=\dimen113
\page@free=\dimen114
\premulticols=\dimen115
\postmulticols=\dimen116
\multicolsep=\skip45
\multicolbaselineskip=\skip46
\partial@page=\box30
\last@line=\box31
\maxbalancingoverflow=\dimen117
\mult@rightbox=\box32
\mult@grightbox=\box33
\mult@gfirstbox=\box34
\mult@firstbox=\box35
\@tempa=\box36
\@tempa=\box37
\@tempa=\box38
\@tempa=\box39
\@tempa=\box40
\@tempa=\box41
\@tempa=\box42
\@tempa=\box43
\@tempa=\box44
\@tempa=\box45
\@tempa=\box46
\@tempa=\box47
\@tempa=\box48
\@tempa=\box49
\@tempa=\box50
\@tempa=\box51
\@tempa=\box52
\c@columnbadness=\count104
\c@finalcolumnbadness=\count105
\last@try=\dimen118
\multicolovershoot=\dimen119
\multicolundershoot=\dimen120
\mult@nat@firstbox=\box53
\colbreak@box=\box54
\mc@col@check@num=\count106
)
(/usr/local/texlive/2014/texmf-dist/tex/generic/babel/babel.sty
Package: babel 2014/03/24 3.9k The Babel package

(/usr/local/texlive/2014/texmf-dist/tex/generic/babel-english/english.ldf
Language: english 2012/08/20 v3.3p English support from the babel system

(/usr/local/texlive/2014/texmf-dist/tex/generic/babel/babel.def
File: babel.def 2014/03/24 3.9k Babel common definitions
\babel@savecnt=\count107
\U@D=\dimen121
)
\l@canadian = a dialect from \language\l@american 
\l@australian = a dialect from \language\l@british 
\l@newzealand = a dialect from \language\l@british 
))
(/usr/local/texlive/2014/texmf-dist/tex/latex/tools/array.sty
Package: array 2008/09/09 v2.4c Tabular extension package (FMi)
\col@sep=\dimen122
\extrarowheight=\dimen123
\NC@list=\toks17
\extratabsurround=\skip47
\backup@length=\skip48
)
(/usr/local/texlive/2014/texmf-dist/tex/latex/titlepic/titlepic.sty
Package: titlepic 2009/08/03 1.1 Package to display a picture on the title page

)
(/usr/local/texlive/2014/texmf-dist/tex/latex/base/alltt.sty
Package: alltt 1997/06/16 v2.0g defines alltt environment
)
(/usr/local/texlive/2014/texmf-dist/tex/latex/float/float.sty
Package: float 2001/11/08 v1.3d Float enhancements (AL)
\c@float@type=\count108
\float@exts=\toks18
\float@box=\box55
\@float@everytoks=\toks19
\@floatcapt=\box56
)
(/usr/local/texlive/2014/texmf-dist/tex/latex/tools/afterpage.sty
Package: afterpage 1995/10/27 v1.08 After-Page Package (DPC)
\AP@output=\toks20
\AP@partial=\box57
\AP@footins=\box58
)
(/usr/local/texlive/2014/texmf-dist/tex/latex/tools/bm.sty
Package: bm 2004/02/26 v1.1c Bold Symbol Support (DPC/FMi)
\symboldoperators=\mathgroup4
\symboldletters=\mathgroup5
\symboldsymbols=\mathgroup6
LaTeX Font Info:    Redeclaring math alphabet \mathbf on input line 137.
LaTeX Info: Redefining \bm on input line 203.
)
(/usr/local/texlive/2014/texmf-dist/tex/latex/amsmath/amsmath.sty
Package: amsmath 2013/01/14 v2.14 AMS math features
\@mathmargin=\skip49

For additional information on amsmath, use the `?' option.
(/usr/local/texlive/2014/texmf-dist/tex/latex/amsmath/amstext.sty
Package: amstext 2000/06/29 v2.01

(/usr/local/texlive/2014/texmf-dist/tex/latex/amsmath/amsgen.sty
File: amsgen.sty 1999/11/30 v2.0
\@emptytoks=\toks21
\ex@=\dimen124
))
(/usr/local/texlive/2014/texmf-dist/tex/latex/amsmath/amsbsy.sty
Package: amsbsy 1999/11/29 v1.2d
LaTeX Info: Redefining \boldsymbol on input line 39.
\pmbraise@=\dimen125
)
(/usr/local/texlive/2014/texmf-dist/tex/latex/amsmath/amsopn.sty
Package: amsopn 1999/12/14 v2.01 operator names
)
\inf@bad=\count109
LaTeX Info: Redefining \frac on input line 210.
\uproot@=\count110
\leftroot@=\count111
LaTeX Info: Redefining \overline on input line 306.
\classnum@=\count112
\DOTSCASE@=\count113
LaTeX Info: Redefining \ldots on input line 378.
LaTeX Info: Redefining \dots on input line 381.
LaTeX Info: Redefining \cdots on input line 466.
\Mathstrutbox@=\box59
\strutbox@=\box60
\big@size=\dimen126
LaTeX Font Info:    Redeclaring font encoding OML on input line 566.
LaTeX Font Info:    Redeclaring font encoding OMS on input line 567.
\macc@depth=\count114
\c@MaxMatrixCols=\count115
\dotsspace@=\muskip10
\c@parentequation=\count116
\dspbrk@lvl=\count117
\tag@help=\toks22
\row@=\count118
\column@=\count119
\maxfields@=\count120
\andhelp@=\toks23
\eqnshift@=\dimen127
\alignsep@=\dimen128
\tagshift@=\dimen129
\tagwidth@=\dimen130
\totwidth@=\dimen131
\lineht@=\dimen132
\@envbody=\toks24
\multlinegap=\skip50
\multlinetaggap=\skip51
\mathdisplay@stack=\toks25
LaTeX Info: Redefining \[ on input line 2665.
LaTeX Info: Redefining \] on input line 2666.
)
(/usr/local/texlive/2014/texmf-dist/tex/latex/mh/mathtools.sty
Package: mathtools 2014/05/21 v1.14 mathematical typesetting tools

(/usr/local/texlive/2014/texmf-dist/tex/latex/tools/calc.sty
Package: calc 2007/08/22 v4.3 Infix arithmetic (KKT,FJ)
\calc@Acount=\count121
\calc@Bcount=\count122
\calc@Adimen=\dimen133
\calc@Bdimen=\dimen134
\calc@Askip=\skip52
\calc@Bskip=\skip53
LaTeX Info: Redefining \setlength on input line 75.
LaTeX Info: Redefining \addtolength on input line 76.
\calc@Ccount=\count123
\calc@Cskip=\skip54
)
(/usr/local/texlive/2014/texmf-dist/tex/latex/mh/mhsetup.sty
Package: mhsetup 2010/01/21 v1.2a programming setup (MH)
)
LaTeX Info: Thecontrolsequence`\['isalreadyrobust on input line 129.
LaTeX Info: Thecontrolsequence`\]'isalreadyrobust on input line 129.
\g_MT_multlinerow_int=\count124
\l_MT_multwidth_dim=\dimen135
\origjot=\skip55
\l_MT_shortvdotswithinadjustabove_dim=\dimen136
\l_MT_shortvdotswithinadjustbelow_dim=\dimen137
\l_MT_above_intertext_sep=\dimen138
\l_MT_below_intertext_sep=\dimen139
\l_MT_above_shortintertext_sep=\dimen140
\l_MT_below_shortintertext_sep=\dimen141
)
(/usr/local/texlive/2014/texmf-dist/tex/latex/tools/tabularx.sty
Package: tabularx 2014/05/13 v2.10 `tabularx' package (DPC)
\TX@col@width=\dimen142
\TX@old@table=\dimen143
\TX@old@col=\dimen144
\TX@target=\dimen145
\TX@delta=\dimen146
\TX@cols=\count125
\TX@ftn=\toks26
)
(/usr/local/texlive/2014/texmf-dist/tex/latex/fancyvrb/fancyvrb.sty
Package: fancyvrb 2008/02/07

Style option: `fancyvrb' v2.7a, with DG/SPQR fixes, and firstline=lastline fix 
<2008/02/07> (tvz)
\FV@CodeLineNo=\count126
\FV@InFile=\read1
\FV@TabBox=\box61
\c@FancyVerbLine=\count127
\FV@StepNumber=\count128
\FV@OutFile=\write3
)
(/usr/local/texlive/2014/texmf-dist/tex/latex/tools/verbatim.sty
Package: verbatim 2003/08/22 v1.5q LaTeX2e package for verbatim enhancements
\every@verbatim=\toks27
\verbatim@line=\toks28
\verbatim@in@stream=\read2
)
(/usr/local/texlive/2014/texmf-dist/tex/latex/graphics/color.sty
Package: color 2014/04/23 v1.1a Standard LaTeX Color (DPC)

(/usr/local/texlive/2014/texmf-dist/tex/latex/latexconfig/color.cfg
File: color.cfg 2007/01/18 v1.5 color configuration of teTeX/TeXLive
)
Package color Info: Driver file: pdftex.def on input line 137.

(/usr/local/texlive/2014/texmf-dist/tex/latex/graphics/dvipsnam.def
File: dvipsnam.def 2014/04/23 v3.0j Driver-dependant file (DPC,SPQR)
))
(/usr/local/texlive/2014/texmf-dist/tex/latex/pstricks/pstricks.sty
Package: pstricks 2013/12/12 v0.60 LaTeX wrapper for `PSTricks' (RN,HV)

(/usr/local/texlive/2014/texmf-dist/tex/generic/pstricks/pstricks.tex
(/usr/local/texlive/2014/texmf-dist/tex/generic/xkeyval/pst-xkey.tex
File: pst-xkey.tex 2005/11/25 v1.6 PSTricks specialization of xkeyval (HA)

(/usr/local/texlive/2014/texmf-dist/tex/latex/xkeyval/xkeyval.sty
Package: xkeyval 2014/05/09 v2.6d package option processing (HA)

(/usr/local/texlive/2014/texmf-dist/tex/generic/xkeyval/xkeyval.tex
\XKV@toks=\toks29
\XKV@tempa@toks=\toks30
\XKV@depth=\count129
File: xkeyval.tex 2014/05/09 v2.6d key=value parser (HA)
)))
(/usr/local/texlive/2014/texmf-dist/tex/generic/pstricks/pst-fp.tex
`pst-fp' v0.05, 2010/01/17 (hv)
\pstFP@xs=\count130
\pstFP@xia=\count131
\pstFP@xib=\count132
\pstFP@xfa=\count133
\pstFP@xfb=\count134
\pstFP@rega=\count135
\pstFP@regb=\count136
\pstFP@regs=\count137
\pstFP@times=\count138
)
(/usr/local/texlive/2014/texmf-dist/tex/generic/pgf/utilities/pgfutil-common.te
x
\pgfutil@everybye=\toks31
\pgfutil@tempdima=\dimen147
\pgfutil@tempdimb=\dimen148

(/usr/local/texlive/2014/texmf-dist/tex/generic/pgf/utilities/pgfutil-common-li
sts.tex))
(/usr/local/texlive/2014/texmf-dist/tex/generic/pgf/utilities/pgfkeys.code.tex
\pgfkeys@pathtoks=\toks32
\pgfkeys@temptoks=\toks33

(/usr/local/texlive/2014/texmf-dist/tex/generic/pgf/utilities/pgfkeysfiltered.c
ode.tex
\pgfkeys@tmptoks=\toks34
))
(/usr/local/texlive/2014/texmf-dist/tex/generic/pgf/utilities/pgffor.code.tex
(/usr/local/texlive/2014/texmf-dist/tex/generic/pgf/math/pgfmath.code.tex
(/usr/local/texlive/2014/texmf-dist/tex/generic/pgf/math/pgfmathcalc.code.tex
(/usr/local/texlive/2014/texmf-dist/tex/generic/pgf/math/pgfmathutil.code.tex
\pgf@x=\dimen149
\pgf@xa=\dimen150
\pgf@xb=\dimen151
\pgf@xc=\dimen152
\pgf@y=\dimen153
\pgf@ya=\dimen154
\pgf@yb=\dimen155
\pgf@yc=\dimen156
\c@pgf@counta=\count139
\c@pgf@countb=\count140
\c@pgf@countc=\count141
\c@pgf@countd=\count142
\pgfutil@tempcnta=\count143
\pgfutil@tempcntb=\count144
)
(/usr/local/texlive/2014/texmf-dist/tex/generic/pgf/math/pgfmathparser.code.tex
\pgfmath@dimen=\dimen157
\pgfmath@count=\count145
\pgfmath@box=\box62
\pgfmath@toks=\toks35
\pgfmath@stack@operand=\toks36
\pgfmath@stack@operation=\toks37
)
(/usr/local/texlive/2014/texmf-dist/tex/generic/pgf/math/pgfmathfunctions.code.
tex
(/usr/local/texlive/2014/texmf-dist/tex/generic/pgf/math/pgfmathfunctions.basic
.code.tex)
(/usr/local/texlive/2014/texmf-dist/tex/generic/pgf/math/pgfmathfunctions.trigo
nometric.code.tex)
(/usr/local/texlive/2014/texmf-dist/tex/generic/pgf/math/pgfmathfunctions.rando
m.code.tex)
(/usr/local/texlive/2014/texmf-dist/tex/generic/pgf/math/pgfmathfunctions.compa
rison.code.tex)
(/usr/local/texlive/2014/texmf-dist/tex/generic/pgf/math/pgfmathfunctions.base.
code.tex)
(/usr/local/texlive/2014/texmf-dist/tex/generic/pgf/math/pgfmathfunctions.round
.code.tex)
(/usr/local/texlive/2014/texmf-dist/tex/generic/pgf/math/pgfmathfunctions.misc.
code.tex)
(/usr/local/texlive/2014/texmf-dist/tex/generic/pgf/math/pgfmathfunctions.integ
erarithmetics.code.tex)))
(/usr/local/texlive/2014/texmf-dist/tex/generic/pgf/math/pgfmathfloat.code.tex
\c@pgfmathroundto@lastzeros=\count146
))
\pgffor@iter=\dimen158
\pgffor@skip=\dimen159
\pgffor@stack=\toks38
\pgffor@toks=\toks39
)
\psLoopIndex=\count147

`PSTricks' v2.54a  <2014/05/19> (tvz)
\pst@dima=\dimen160
\pst@dimb=\dimen161
\pst@dimc=\dimen162
\pst@dimd=\dimen163
\pst@dimg=\dimen164
\pst@dimh=\dimen165
\pst@dimm=\dimen166
\pst@dimn=\dimen167
\pst@dimo=\dimen168
\pst@dimp=\dimen169
\pst@hbox=\box63
\pst@ibox=\box64
\pst@boxg=\box65
\pst@cnta=\count148
\pst@cntb=\count149
\pst@cntc=\count150
\pst@cntd=\count151
\pst@cntg=\count152
\pst@cnth=\count153
\pst@cntm=\count154
\pst@cntn=\count155
\pst@cnto=\count156
\pst@cntp=\count157
\@zero=\count158
\pst@toks=\toks40
(/usr/local/texlive/2014/texmf-dist/tex/generic/pstricks/pstricks.con)
\psunit=\dimen170
\psxunit=\dimen171
\psyunit=\dimen172
\pst@C@@rType=\count159
\pslinewidth=\dimen173
\psk@startLW=\dimen174
\psk@endLW=\dimen175
\pst@customdefs=\toks41
\pslinearc=\dimen176
\pst@symbolStep=\dimen177
\pst@symbolWidth=\dimen178
\pst@symbolLinewidth=\dimen179
\everypsbox=\toks42
\psframesep=\dimen180
\pslabelsep=\dimen181
\sh@wgridXunit=\dimen182
\sh@wgridYunit=\dimen183
\pst@shift=\dimen184
)
File: pstricks.tex 2014/05/19 v2.54a `PSTricks' (tvz,hv)

(/usr/local/texlive/2014/texmf-dist/tex/generic/pstricks/pst-fp.tex)
File: pst-fp.tex 2014/05/19 v2.54a `PST-fp' (hv)

(/usr/local/texlive/2014/texmf-dist/tex/latex/xcolor/xcolor.sty
Package: xcolor 2007/01/21 v2.11 LaTeX color extensions (UK)

(/usr/local/texlive/2014/texmf-dist/tex/latex/latexconfig/color.cfg
File: color.cfg 2007/01/18 v1.5 color configuration of teTeX/TeXLive
)
Package xcolor Info: Driver file: pdftex.def on input line 225.
LaTeX Info: Redefining \color on input line 702.
Package xcolor Info: Model `cmy' substituted by `cmy0' on input line 1337.
Package xcolor Info: Model `hsb' substituted by `rgb' on input line 1341.
Package xcolor Info: Model `RGB' extended on input line 1353.
Package xcolor Info: Model `HTML' substituted by `rgb' on input line 1355.
Package xcolor Info: Model `Hsb' substituted by `hsb' on input line 1356.
Package xcolor Info: Model `tHsb' substituted by `hsb' on input line 1357.
Package xcolor Info: Model `HSB' substituted by `hsb' on input line 1358.
Package xcolor Info: Model `Gray' substituted by `gray' on input line 1359.
Package xcolor Info: Model `wave' substituted by `hsb' on input line 1360.
))
(/usr/local/texlive/2014/texmf-dist/tex/latex/wrapfig/wrapfig.sty
\wrapoverhang=\dimen185
\WF@size=\dimen186
\c@WF@wrappedlines=\count160
\WF@box=\box66
\WF@everypar=\toks43
Package: wrapfig 2003/01/31  v 3.6
)
(/usr/local/texlive/2014/texmf-dist/tex/latex/setspace/setspace.sty
Package: setspace 2011/12/19 v6.7a set line spacing
)
(/usr/local/texlive/2014/texmf-dist/tex/latex/psnfss/pifont.sty
Package: pifont 2005/04/12 PSNFSS-v9.2a Pi font support (SPQR) 
LaTeX Font Info:    Try loading font information for U+pzd on input line 63.

(/usr/local/texlive/2014/texmf-dist/tex/latex/psnfss/upzd.fd
File: upzd.fd 2001/06/04 font definitions for U/pzd.
)
LaTeX Font Info:    Try loading font information for U+psy on input line 64.

(/usr/local/texlive/2014/texmf-dist/tex/latex/psnfss/upsy.fd
File: upsy.fd 2001/06/04 font definitions for U/psy.
))
(/usr/local/texlive/2014/texmf-dist/tex/latex/caption/caption.sty
Package: caption 2013/05/02 v3.3-89 Customizing captions (AR)

(/usr/local/texlive/2014/texmf-dist/tex/latex/caption/caption3.sty
Package: caption3 2013/05/02 v1.6-88 caption3 kernel (AR)
Package caption3 Info: TeX engine: e-TeX on input line 57.
\captionmargin=\dimen187
\captionmargin@=\dimen188
\captionwidth=\dimen189
\caption@tempdima=\dimen190
\caption@indent=\dimen191
\caption@parindent=\dimen192
\caption@hangindent=\dimen193
)
\c@ContinuedFloat=\count161
Package caption Info: float package is loaded.
Package caption Info: listings package is loaded.
Package caption Info: rotating package is loaded.
Package caption Info: wrapfig package is loaded.
)
(/usr/local/texlive/2014/texmf-dist/tex/latex/natbib/natbib.sty
Package: natbib 2010/09/13 8.31b (PWD, AO)
\bibhang=\skip56
\bibsep=\skip57
LaTeX Info: Redefining \cite on input line 694.
\c@NAT@ctr=\count162
)
(/usr/local/texlive/2014/texmf-dist/tex/latex/tools/enumerate.sty
Package: enumerate 1999/03/05 v3.00 enumerate extensions (DPC)
\@enLab=\toks44
)
(/usr/local/texlive/2014/texmf-dist/tex/latex/tools/xspace.sty
Package: xspace 2009/10/20 v1.13 Space after command names (DPC,MH)
)
(/usr/local/texlive/2014/texmf-dist/tex/latex/titlesec/titlesec.sty
Package: titlesec 2011/12/15 v2.10.0 Sectioning titles
\ttl@box=\box67
\beforetitleunit=\skip58
\aftertitleunit=\skip59
\ttl@plus=\dimen194
\ttl@minus=\dimen195
\ttl@toksa=\toks45
\titlewidth=\dimen196
\titlewidthlast=\dimen197
\titlewidthfirst=\dimen198
)
No file 1yr.aux.
\openout1 = `1yr.aux'.

LaTeX Font Info:    Checking defaults for OML/cmm/m/it on input line 128.
LaTeX Font Info:    ... okay on input line 128.
LaTeX Font Info:    Checking defaults for T1/cmr/m/n on input line 128.
LaTeX Font Info:    ... okay on input line 128.
LaTeX Font Info:    Checking defaults for OT1/cmr/m/n on input line 128.
LaTeX Font Info:    ... okay on input line 128.
LaTeX Font Info:    Checking defaults for OMS/cmsy/m/n on input line 128.
LaTeX Font Info:    ... okay on input line 128.
LaTeX Font Info:    Checking defaults for OMX/cmex/m/n on input line 128.
LaTeX Font Info:    ... okay on input line 128.
LaTeX Font Info:    Checking defaults for U/cmr/m/n on input line 128.
LaTeX Font Info:    ... okay on input line 128.
(/usr/local/texlive/2014/texmf-dist/tex/context/base/supp-pdf.mkii
[Loading MPS to PDF converter (version 2006.09.02).]
\scratchcounter=\count163
\scratchdimen=\dimen199
\scratchbox=\box68
\nofMPsegments=\count164
\nofMParguments=\count165
\everyMPshowfont=\toks46
\MPscratchCnt=\count166
\MPscratchDim=\dimen200
\MPnumerator=\count167
\makeMPintoPDFobject=\count168
\everyMPtoPDFconversion=\toks47
) (/usr/local/texlive/2014/texmf-dist/tex/generic/oberdiek/pdftexcmds.sty
Package: pdftexcmds 2011/11/29 v0.20 Utility functions of pdfTeX for LuaTeX (HO
)

(/usr/local/texlive/2014/texmf-dist/tex/generic/oberdiek/ifluatex.sty
Package: ifluatex 2010/03/01 v1.3 Provides the ifluatex switch (HO)
Package ifluatex Info: LuaTeX not detected.
)
Package pdftexcmds Info: LuaTeX not detected.
Package pdftexcmds Info: \pdf@primitive is available.
Package pdftexcmds Info: \pdf@ifprimitive is available.
Package pdftexcmds Info: \pdfdraftmode found.
)
(/usr/local/texlive/2014/texmf-dist/tex/latex/oberdiek/epstopdf-base.sty
Package: epstopdf-base 2010/02/09 v2.5 Base part for package epstopdf

(/usr/local/texlive/2014/texmf-dist/tex/latex/oberdiek/grfext.sty
Package: grfext 2010/08/19 v1.1 Manage graphics extensions (HO)

(/usr/local/texlive/2014/texmf-dist/tex/generic/oberdiek/kvdefinekeys.sty
Package: kvdefinekeys 2011/04/07 v1.3 Define keys (HO)
))
(/usr/local/texlive/2014/texmf-dist/tex/latex/oberdiek/kvoptions.sty
Package: kvoptions 2011/06/30 v3.11 Key value format for package options (HO)

(/usr/local/texlive/2014/texmf-dist/tex/generic/oberdiek/kvsetkeys.sty
Package: kvsetkeys 2012/04/25 v1.16 Key value parser (HO)

(/usr/local/texlive/2014/texmf-dist/tex/generic/oberdiek/etexcmds.sty
Package: etexcmds 2011/02/16 v1.5 Avoid name clashes with e-TeX commands (HO)
Package etexcmds Info: Could not find \expanded.
(etexcmds)             That can mean that you are not using pdfTeX 1.50 or
(etexcmds)             that some package has redefined \expanded.
(etexcmds)             In the latter case, load this package earlier.
)))
Package grfext Info: Graphics extension search list:
(grfext)             [.png,.pdf,.jpg,.mps,.jpeg,.jbig2,.jb2,.PNG,.PDF,.JPG,.JPE
G,.JBIG2,.JB2,.eps]
(grfext)             \AppendGraphicsExtensions on input line 452.

(/usr/local/texlive/2014/texmf-dist/tex/latex/latexconfig/epstopdf-sys.cfg
File: epstopdf-sys.cfg 2010/07/13 v1.3 Configuration of (r)epstopdf for TeX Liv
e
))
\c@lstlisting=\count169
Package caption Info: Begin \AtBeginDocument code.
Package caption Info: End \AtBeginDocument code.

<figs/igmm.png, id=1, 511.4307pt x 119.9682pt>
File: figs/igmm.png Graphic file (type png)
 <use figs/igmm.png>
Package pdftex.def Info: figs/igmm.png used on input line 131.
(pdftex.def)             Requested size: 401.9055pt x 94.27957pt.
 [1
Non-PDF special ignored!
Non-PDF special ignored!
Non-PDF special ignored!
Non-PDF special ignored!


Non-PDF special ignored!
Non-PDF special ignored!
Non-PDF special ignored!{/usr/local/texlive/2014/texmf-var/fonts/map/pdftex/upd
map/pdftex.map} <./figs/igmm.png>]
No file 1yr.toc.
\tf@toc=\write4
\openout4 = `1yr.toc'.

[1

]
Underfull \hbox (badness 10000) in paragraph at lines 136--145

 []

Missing character: There is no â in font cmr10!
Missing character: There is no € in font cmr10!
Missing character: There is no ˜ in font cmr10!
Missing character: There is no â in font cmr10!
Missing character: There is no € in font cmr10!
Missing character: There is no ™ in font cmr10!

Underfull \hbox (badness 10000) in paragraph at lines 146--156

 []


Underfull \hbox (badness 10000) in paragraph at lines 157--171

 []

[2]

Package natbib Warning: Citation `Meinshausen2006' on page 3 undefined on input
 line 206.

[3


]
Chapter 1.

Package natbib Warning: Citation `Dekker2013' on page 4 undefined on input line
 239.


Package natbib Warning: Citation `Steffen2012' on page 4 undefined on input lin
e 239.


Package natbib Warning: Citation `Hu2013' on page 4 undefined on input line 239
.


Package natbib Warning: Citation `Dixon2012' on page 4 undefined on input line 
242.


Package natbib Warning: Citation `Lieberman2011' on page 4 undefined on input l
ine 247.


Package natbib Warning: Citation `Dekker2013' on page 4 undefined on input line
 253.


Package natbib Warning: Citation `Ernst2012' on page 4 undefined on input line 
258.


Package natbib Warning: Citation `Ernst2011' on page 4 undefined on input line 
259.


Package natbib Warning: Citation `Rajagopal2013' on page 4 undefined on input l
ine 261.


Package natbib Warning: Citation `Barbieri2012' on page 4 undefined on input li
ne 263.


Package natbib Warning: Citation `Lieberman2011' on page 4 undefined on input l
ine 264.


Package natbib Warning: Citation `Mirny2011' on page 4 undefined on input line 
264.


Package natbib Warning: Citation `Grosberg1988a' on page 4 undefined on input l
ine 264.

[4

]

Package natbib Warning: Citation `Dunham2012' on page 5 undefined on input line
 271.


Package natbib Warning: Citation `Dixon2012' on page 5 undefined on input line 
273.


Package natbib Warning: Citation `Lieberman2011' on page 5 undefined on input l
ine 273.


Package natbib Warning: Citation `Kalhor2012' on page 5 undefined on input line
 273.

[5]
Chapter 2.

LaTeX Warning: Reference `fig:schema' on page 6 undefined on input line 287.

<figs/pipe.png, id=33, 349.1955pt x 611.01pt>
File: figs/pipe.png Graphic file (type png)
 <use figs/pipe.png>
Package pdftex.def Info: figs/pipe.png used on input line 292.
(pdftex.def)             Requested size: 273.29279pt x 478.19879pt.


Package natbib Warning: Citation `Lieberman2011' on page 6 undefined on input l
ine 304.


Package natbib Warning: Citation `Lieberman2011' on page 6 undefined on input l
ine 305.


Package natbib Warning: Citation `Kalhor2012' on page 6 undefined on input line
 305.


Package natbib Warning: Citation `Dixon2012' on page 6 undefined on input line 
308.


Package natbib Warning: Citation `Hinrichs2006' on page 6 undefined on input li
ne 310.


Underfull \hbox (badness 10000) in paragraph at lines 303--311

 []

[6

 <./figs/pipe.png>]
Underfull \hbox (badness 10000) in paragraph at lines 312--317

 []


LaTeX Warning: Reference `fig:chrselect' on page 7 undefined on input line 323.



Package natbib Warning: Citation `Lieberman2011' on page 7 undefined on input l
ine 326.


Underfull \hbox (badness 10000) in paragraph at lines 318--329

 []


Package natbib Warning: Citation `Yaffe2011' on page 7 undefined on input line 
334.


Package natbib Warning: Citation `Imakaev2012' on page 7 undefined on input lin
e 334.


Underfull \hbox (badness 10000) in paragraph at lines 330--338

 []


Package natbib Warning: Citation `Dunham2012' on page 7 undefined on input line
 341.


Package natbib Warning: Citation `Zhang2008' on page 7 undefined on input line 
344.

[7]

Package natbib Warning: Citation `Breiman2001a' on page 8 undefined on input li
ne 350.


Package natbib Warning: Citation `Liaw2002' on page 8 undefined on input line 3
52.


Package natbib Warning: Citation `Svetnik2003' on page 8 undefined on input lin
e 361.


Package natbib Warning: Citation `Cutler2007' on page 8 undefined on input line
 361.


Package natbib Warning: Citation `Dasgupta2012' on page 8 undefined on input li
ne 363.


Package natbib Warning: Citation `Breiman2001b' on page 8 undefined on input li
ne 365.


Package natbib Warning: Citation `Dasgupta2012' on page 8 undefined on input li
ne 369.


Package natbib Warning: Citation `Hastie2001' on page 8 undefined on input line
 369.


LaTeX Warning: Reference `fig:rfparam' on page 8 undefined on input line 370.


Underfull \hbox (badness 10000) in paragraph at lines 350--371

 []


Package natbib Warning: Citation `Cutler2007' on page 8 undefined on input line
 376.


Package natbib Warning: Citation `Dasgupta2012' on page 8 undefined on input li
ne 376.


Package natbib Warning: Citation `Friedman2008' on page 8 undefined on input li
ne 379.


Package natbib Warning: Citation `Friedman2008' on page 8 undefined on input li
ne 388.


Underfull \hbox (badness 10000) in paragraph at lines 379--389

 []

[8]

Package natbib Warning: Citation `Mazumder2012' on page 9 undefined on input li
ne 394.


LaTeX Warning: Reference `eq:glasso' on page 9 undefined on input line 395.


Package natbib Warning: Citation `Mazumder2012' on page 9 undefined on input li
ne 395.


Underfull \hbox (badness 10000) in paragraph at lines 390--398

 []


LaTeX Warning: Reference `fig:auroc' on page 9 undefined on input line 413.


LaTeX Warning: Reference `sec:rf' on page 9 undefined on input line 425.


Underfull \hbox (badness 10000) in paragraph at lines 419--426

 []

[9]

LaTeX Warning: Reference `fig:varsignif' on page 10 undefined on input line 431
.


LaTeX Warning: Reference `fig:varsignif' on page 10 undefined on input line 433
.


Package natbib Warning: Citation `Boyle2001' on page 10 undefined on input line
 438.


Package natbib Warning: Citation `Boyle2001' on page 10 undefined on input line
 440.


Package natbib Warning: Citation `Boyle2001' on page 10 undefined on input line
 446.


Package natbib Warning: Citation `Chambers2012' on page 10 undefined on input l
ine 453.


Package natbib Warning: Citation `DeWit2013' on page 10 undefined on input line
 453.


Package natbib Warning: Citation `Tanabe2002' on page 10 undefined on input lin
e 453.

[10]
Chapter 3.

LaTeX Warning: Reference `fig:eigcorr' on page 11 undefined on input line 460.


LaTeX Warning: Reference `fig:corrgram' on page 11 undefined on input line 462.



LaTeX Warning: Reference `fig:states' on page 11 undefined on input line 465.


Underfull \hbox (badness 10000) in paragraph at lines 459--466

 []

<figs/allCor.pdf, id=55, 614.295pt x 469.755pt>
File: figs/allCor.pdf Graphic file (type pdf)
 <use figs/allCor.pdf>
Package pdftex.def Info: figs/allCor.pdf used on input line 469.
(pdftex.def)             Requested size: 381.80899pt x 291.97621pt.


Package natbib Warning: Citation `Lieberman2011' on page 11 undefined on input 
line 480.


Package natbib Warning: Citation `Kalhor2012' on page 11 undefined on input lin
e 480.


Package natbib Warning: Citation `Lieberman2011' on page 11 undefined on input 
line 480.


Package natbib Warning: Citation `Kalhor2012' on page 11 undefined on input lin
e 480.


LaTeX Warning: Reference `fig:modelres' on page 11 undefined on input line 489.



Package natbib Warning: Citation `Dong2012' on page 11 undefined on input line 
489.

[11

 <./figs/allCor.pdf>] <figs/f2_full.pdf, id=68, 1024.28148pt x 740.7863pt>
File: figs/f2_full.pdf Graphic file (type pdf)

<use figs/f2_full.pdf>
Package pdftex.def Info: figs/f2_full.pdf used on input line 493.
(pdftex.def)             Requested size: 401.9055pt x 290.66884pt.

Underfull \hbox (badness 10000) in paragraph at lines 512--516

 []


Package natbib Warning: Citation `Friedman2008' on page 12 undefined on input l
ine 524.


Package natbib Warning: Citation `Menendez2010' on page 12 undefined on input l
ine 527.


Package natbib Warning: Citation `Hastie2001' on page 12 undefined on input lin
e 538.


Package natbib Warning: Citation `Friedman2008' on page 12 undefined on input l
ine 538.


Underfull \hbox (badness 10000) in paragraph at lines 517--539

 []

[12 <./figs/f2_full.pdf>] <figs/f3_full.pdf, id=125, 1025.66647pt x 722.7pt>
File: figs/f3_full.pdf Graphic file (type pdf)

<use figs/f3_full.pdf>
Package pdftex.def Info: figs/f3_full.pdf used on input line 543.
(pdftex.def)             Requested size: 422.002pt x 297.34549pt.

Overfull \hbox (20.0965pt too wide) in paragraph at lines 543--554
 [] 
 []


Package natbib Warning: Citation `Friedman2008' on page 13 undefined on input l
ine 554.


LaTeX Warning: Reference `fig:modelres' on page 13 undefined on input line 554.



LaTeX Warning: Reference `sec:rf' on page 13 undefined on input line 554.


LaTeX Warning: Reference `fig:suppGlasso' on page 13 undefined on input line 55
4.


LaTeX Warning: Reference `fig:auroc' on page 13 undefined on input line 554.


Package natbib Warning: Citation `Friedman2008' on page 13 undefined on input l
ine 554.


LaTeX Warning: Reference `fig:modelres' on page 13 undefined on input line 554.



LaTeX Warning: Reference `sec:rf' on page 13 undefined on input line 554.


LaTeX Warning: Reference `fig:suppGlasso' on page 13 undefined on input line 55
4.


LaTeX Warning: Reference `fig:auroc' on page 13 undefined on input line 554.


LaTeX Warning: Reference `fig:glasso' on page 13 undefined on input line 561.


Underfull \hbox (badness 10000) in paragraph at lines 559--565

 []

[13 <./figs/f3_full.pdf>] <figs/venn.pdf, id=227, 364.03374pt x 348.65894pt>
File: figs/venn.pdf Graphic file (type pdf)

<use figs/venn.pdf>
Package pdftex.def Info: figs/venn.pdf used on input line 568.
(pdftex.def)             Requested size: 160.75974pt x 153.96901pt.


LaTeX Warning: Reference `fig:glasso' on page 14 undefined on input line 573.


LaTeX Warning: Reference `fig:glasso' on page 14 undefined on input line 573.


LaTeX Warning: Reference `fig:glasso' on page 14 undefined on input line 579.


LaTeX Warning: Reference `fig:venn' on page 14 undefined on input line 582.


LaTeX Warning: Reference `res:corr' on page 14 undefined on input line 587.


Underfull \hbox (badness 10000) in paragraph at lines 577--588

 []


LaTeX Warning: Reference `meth:strat' on page 14 undefined on input line 594.


LaTeX Warning: Reference `fig:stratvar' on page 14 undefined on input line 598.



Underfull \hbox (badness 10000) in paragraph at lines 591--602

 []

<figs/strat.pdf, id=228, 985.2727pt x 505.89pt>
File: figs/strat.pdf Graphic file (type pdf)
 <use figs/strat.pdf>
Package pdftex.def Info: figs/strat.pdf used on input line 606.
(pdftex.def)             Requested size: 401.9055pt x 206.35869pt.
 [14 <./figs/venn.pdf>]
Underfull \hbox (badness 10000) in paragraph at lines 625--634

 []


LaTeX Warning: Reference `meth:strat' on page 15 undefined on input line 635.


Package natbib Warning: Citation `McLean2010' on page 15 undefined on input lin
e 637.


Underfull \hbox (badness 10000) in paragraph at lines 635--639

 []

[15 <./figs/strat.pdf>] <figs/xappBars.pdf, id=353, 366.36874pt x 382.42876pt>
File: figs/xappBars.pdf Graphic file (type pdf)

<use figs/xappBars.pdf>
Package pdftex.def Info: figs/xappBars.pdf used on input line 660.
(pdftex.def)             Requested size: 221.04924pt x 230.7428pt.


LaTeX Warning: Reference `fig:xapp' on page 16 undefined on input line 676.


Underfull \hbox (badness 6493) in paragraph at lines 671--677
[]\OT1/cmr/m/n/10 The cell type spe-cific mod-els of
 []


Underfull \hbox (badness 4403) in paragraph at lines 671--677
\OT1/cmr/m/n/10 higher or-der struc-ture were cross-
 []


Underfull \hbox (badness 1052) in paragraph at lines 671--677
\OT1/cmr/m/n/10 used as a fea-ture set in a RF re-
 []


Underfull \hbox (badness 2065) in paragraph at lines 671--677
\OT1/cmr/m/n/10 gres-sion model trained in a dif-fer-
 []


Underfull \hbox (badness 10000) in paragraph at lines 671--677

 []


LaTeX Warning: Reference `fig:modelres' on page 16 undefined on input line 679.



LaTeX Warning: Reference `fig:xapp' on page 16 undefined on input line 683.


LaTeX Warning: Reference `meth:eigs' on page 16 undefined on input line 709.


LaTeX Warning: Reference `fig:c21' on page 16 undefined on input line 710.

<figs/s_c21_v2.pdf, id=354, 1108.5626pt x 544.20085pt>
File: figs/s_c21_v2.pdf Graphic file (type pdf)
 <use figs/s_c21_v2.pdf>
Package pdftex.def Info: figs/s_c21_v2.pdf used on input line 714.
(pdftex.def)             Requested size: 422.002pt x 207.16383pt.

Overfull \hbox (20.0965pt too wide) in paragraph at lines 714--725
 [] 
 []

[16 <./figs/xappBars.pdf>]

LaTeX Warning: Reference `fig:c21' on page 17 undefined on input line 732.


LaTeX Warning: Reference `meth:eigs' on page 17 undefined on input line 733.


LaTeX Warning: Reference `fig:c21' on page 17 undefined on input line 736.


LaTeX Warning: Reference `fig:c21' on page 17 undefined on input line 739.

[17 <./figs/s_c21_v2.pdf>]
Chapter 4.

Underfull \hbox (badness 10000) in paragraph at lines 745--749

 []


Package natbib Warning: Citation `Henikoff2011' on page 18 undefined on input l
ine 758.


Underfull \hbox (badness 10000) in paragraph at lines 750--766

 []


Package natbib Warning: Citation `Wysocki2005' on page 18 undefined on input li
ne 768.


Package natbib Warning: Citation `Steger2008a' on page 18 undefined on input li
ne 771.


Package natbib Warning: Citation `Steger2008a' on page 18 undefined on input li
ne 773.


LaTeX Warning: Reference `fig:glasso' on page 18 undefined on input line 775.

[18

]

Package natbib Warning: Citation `Imakaev2012' on page 19 undefined on input li
ne 790.


Package natbib Warning: Citation `Krijger2013' on page 19 undefined on input li
ne 791.


Package natbib Warning: Citation `DeWit2013' on page 19 undefined on input line
 794.


Package natbib Warning: Citation `Krijger2013' on page 19 undefined on input li
ne 794.


Underfull \hbox (badness 10000) in paragraph at lines 786--798

 []


LaTeX Warning: Reference `fig:eigcorr' on page 19 undefined on input line 801.


LaTeX Warning: Reference `fig:stratvar' on page 19 undefined on input line 806.



LaTeX Warning: Reference `fig:rfimp' on page 19 undefined on input line 807.


LaTeX Warning: Reference `fig:xapp' on page 19 undefined on input line 810.


LaTeX Warning: Reference `fig:glasso' on page 19 undefined on input line 812.


LaTeX Warning: Reference `fig:venn' on page 19 undefined on input line 812.


Underfull \hbox (badness 10000) in paragraph at lines 799--813

 []


LaTeX Warning: Reference `fig:states' on page 19 undefined on input line 817.


LaTeX Warning: Reference `fig:varsignif' on page 19 undefined on input line 817
.


LaTeX Warning: Reference `fig:areg' on page 19 undefined on input line 819.

[19]
Chapter 5.
[20]
Chapter 6.
<figs/corrgram.png, id=461, 526.19443pt x 470.44328pt>
File: figs/corrgram.png Graphic file (type png)
 <use figs/corrgram.png>
Package pdftex.def Info: figs/corrgram.png used on input line 855.
(pdftex.def)             Requested size: 221.04924pt x 197.6279pt.

<figs/states.pdf, id=462, 722.7pt x 361.35pt>
File: figs/states.pdf Graphic file (type pdf)
 <use figs/states.pdf>
Package pdftex.def Info: figs/states.pdf used on input line 871.
(pdftex.def)             Requested size: 401.9055pt x 200.95413pt.

<figs/s1.pdf, id=463, 505.89pt x 505.89pt>
File: figs/s1.pdf Graphic file (type pdf)
 <use figs/s1.pdf>
Package pdftex.def Info: figs/s1.pdf used on input line 883.
(pdftex.def)             Requested size: 241.14575pt x 241.14935pt.
 [21

 <./figs/corrgram.png> <./figs/states.pdf>]
<figs/s2_full.png, id=475, 1029.519pt x 543.0105pt>
File: figs/s2_full.png Graphic file (type png)
 <use figs/s2_full.png>
Package pdftex.def Info: figs/s2_full.png used on input line 897.
(pdftex.def)             Requested size: 434.05867pt x 228.94113pt.

Overfull \hbox (32.15317pt too wide) in paragraph at lines 897--907
 [] 
 []

<figs/boxcomp.pdf, id=476, 722.7pt x 578.16pt>
File: figs/boxcomp.pdf Graphic file (type pdf)
 <use figs/boxcomp.pdf>
Package pdftex.def Info: figs/boxcomp.pdf used on input line 914.
(pdftex.def)             Requested size: 462.18887pt x 369.75647pt.

Overfull \hbox (60.28337pt too wide) in paragraph at lines 914--923
 [] 
 []

[22 <./figs/s1.pdf> <./figs/s2_full.png>]
<figs/sH1_glasso.pdf, id=487, 650.43pt x 722.7pt>
File: figs/sH1_glasso.pdf Graphic file (type pdf)
 <use figs/sH1_glasso.pdf>
Package pdftex.def Info: figs/sH1_glasso.pdf used on input line 930.
(pdftex.def)             Requested size: 261.23611pt x 290.26584pt.

<figs/sK562_glasso.pdf, id=488, 650.43pt x 722.7pt>
File: figs/sK562_glasso.pdf Graphic file (type pdf)

<use figs/sK562_glasso.pdf>
Package pdftex.def Info: figs/sK562_glasso.pdf used on input line 931.
(pdftex.def)             Requested size: 261.23611pt x 290.26584pt.


LaTeX Warning: Reference `fig:glasso' on page 23 undefined on input line 939.


LaTeX Warning: Reference `fig:glasso' on page 23 undefined on input line 939.

[23 <./figs/boxcomp.pdf>] <figs/s4.pdf, id=497, 578.16pt x 578.16pt>
File: figs/s4.pdf Graphic file (type pdf)

<use figs/s4.pdf>
Package pdftex.def Info: figs/s4.pdf used on input line 945.
(pdftex.def)             Requested size: 301.42912pt x 301.43008pt.


LaTeX Warning: Reference `fig:glasso' on page 24 undefined on input line 954.


LaTeX Warning: Reference `fig:glasso' on page 24 undefined on input line 954.

[24 <./figs/sH1_glasso.pdf> <./figs/sK562_glasso.pdf>]
<figs/s7_full.pdf, id=522, 950.79753pt x 520.30034pt>
File: figs/s7_full.pdf Graphic file (type pdf)
 <use figs/s7_full.pdf>
Package pdftex.def Info: figs/s7_full.pdf used on input line 960.
(pdftex.def)             Requested size: 381.80899pt x 208.93417pt.

<figs/rfimp.pdf, id=523, 578.16pt x 433.62pt>
File: figs/rfimp.pdf Graphic file (type pdf)
 <use figs/rfimp.pdf>
Package pdftex.def Info: figs/rfimp.pdf used on input line 973.
(pdftex.def)             Requested size: 321.52562pt x 241.14494pt.


LaTeX Warning: Reference `sec:rf' on page 25 undefined on input line 983.


LaTeX Warning: Reference `sec:rf' on page 25 undefined on input line 983.

[25 <./figs/s4.pdf> <./figs/s7_full.pdf>]
<figs/s5.pdf, id=569, 433.62pt x 433.62pt>
File: figs/s5.pdf Graphic file (type pdf)
 <use figs/s5.pdf>
Package pdftex.def Info: figs/s5.pdf used on input line 989.
(pdftex.def)             Requested size: 249.17944pt x 249.18399pt.
 [26 <./figs/rfimp.pdf> <./figs/s5.pdf>] <figs/s13_all.pdf, id=589, 805.33429pt
 x 470.82356pt>
File: figs/s13_all.pdf Graphic file (type pdf)

<use figs/s13_all.pdf>
Package pdftex.def Info: figs/s13_all.pdf used on input line 1053.
(pdftex.def)             Requested size: 401.9055pt x 234.96579pt.

No file 1yr.bbl.

Package natbib Warning: There were undefined citations.

[27 <./figs/s13_all.pdf>] (./1yr.aux)

LaTeX Warning: There were undefined references.


LaTeX Warning: Label(s) may have changed. Rerun to get cross-references right.

 ) 
Here is how much of TeX's memory you used:
 14300 strings out of 493117
 238514 string characters out of 6135433
 322174 words of memory out of 5000000
 17486 multiletter control sequences out of 15000+600000
 16649 words of font info for 58 fonts, out of 8000000 for 9000
 1142 hyphenation exceptions out of 8191
 53i,10n,92p,750b,541s stack positions out of 5000i,500n,10000p,200000b,80000s
</usr/local/texlive/2014/texmf-dist/fonts/type1/public/amsfonts/cm/cmbx10.pfb
></usr/local/texlive/2014/texmf-dist/fonts/type1/public/amsfonts/cm/cmbx12.pfb>
</usr/local/texlive/2014/texmf-dist/fonts/type1/public/amsfonts/cm/cmbx7.pfb></
usr/local/texlive/2014/texmf-dist/fonts/type1/public/amsfonts/cm/cmmi10.pfb></u
sr/local/texlive/2014/texmf-dist/fonts/type1/public/amsfonts/cm/cmmi7.pfb></usr
/local/texlive/2014/texmf-dist/fonts/type1/public/amsfonts/cm/cmr10.pfb></usr/l
ocal/texlive/2014/texmf-dist/fonts/type1/public/amsfonts/cm/cmr12.pfb></usr/loc
al/texlive/2014/texmf-dist/fonts/type1/public/amsfonts/cm/cmr17.pfb></usr/local
/texlive/2014/texmf-dist/fonts/type1/public/amsfonts/cm/cmr7.pfb></usr/local/te
xlive/2014/texmf-dist/fonts/type1/public/amsfonts/cm/cmr8.pfb></usr/local/texli
ve/2014/texmf-dist/fonts/type1/public/amsfonts/cm/cmr9.pfb></usr/local/texlive/
2014/texmf-dist/fonts/type1/public/amsfonts/cm/cmsy10.pfb></usr/local/texlive/2
014/texmf-dist/fonts/type1/public/amsfonts/cm/cmsy6.pfb></usr/local/texlive/201
4/texmf-dist/fonts/type1/public/amsfonts/cm/cmsy7.pfb></usr/local/texlive/2014/
texmf-dist/fonts/type1/public/amsfonts/cm/cmti10.pfb></usr/local/texlive/2014/t
exmf-dist/fonts/type1/public/amsfonts/cm/cmtt10.pfb>
Output written on 1yr.pdf (28 pages, 5480382 bytes).
PDF statistics:
 725 PDF objects out of 1000 (max. 8388607)
 495 compressed objects within 5 object streams
 0 named destinations out of 1000 (max. 500000)
 106 words of extra memory for PDF output out of 10000 (max. 10000000)

