\BOOKMARK [0][]{chapter.1}{1 Integrative modelling as a tool to explore biological systems}{}% 1
\BOOKMARK [1][-]{section.1.1}{1.1 Introduction}{chapter.1}% 2
\BOOKMARK [1][-]{section.1.2}{1.2 Extending Dong et al. }{chapter.1}% 3
\BOOKMARK [2][-]{subsection.1.2.1}{1.2.1 Bestbin method}{section.1.2}% 4
\BOOKMARK [2][-]{subsection.1.2.2}{1.2.2 Variable importance}{section.1.2}% 5
\BOOKMARK [2][-]{subsection.1.2.3}{1.2.3 Model adjustments}{section.1.2}% 6
\BOOKMARK [1][-]{section.1.3}{1.3 Modelling FANTOM5 expression data}{chapter.1}% 7
\BOOKMARK [1][-]{section.1.4}{1.4 Modelling higher order chromatin}{chapter.1}% 8
\BOOKMARK [2][-]{subsection.1.4.1}{1.4.1 Predictive model}{section.1.4}% 9
\BOOKMARK [2][-]{subsection.1.4.2}{1.4.2 Cross-application}{section.1.4}% 10
\BOOKMARK [2][-]{subsection.1.4.3}{1.4.3 Between-cell variability}{section.1.4}% 11
\BOOKMARK [2][-]{subsection.1.4.4}{1.4.4 Variable importance}{section.1.4}% 12
\BOOKMARK [2][-]{subsection.1.4.5}{1.4.5 Correlating input features}{section.1.4}% 13
\BOOKMARK [1][-]{section.1.5}{1.5 Technical considerations}{chapter.1}% 14
\BOOKMARK [2][-]{subsection.1.5.1}{1.5.1 Resolution}{section.1.5}% 15
\BOOKMARK [2][-]{subsection.1.5.2}{1.5.2 Other modelling approaches}{section.1.5}% 16
\BOOKMARK [2][-]{subsection.1.5.3}{1.5.3 Non-independence}{section.1.5}% 17
\BOOKMARK [1][-]{section.1.6}{1.6 Parsimonious models from expanded feature sets}{chapter.1}% 18
\BOOKMARK [2][-]{subsection.1.6.1}{1.6.1 Stepwise regression}{section.1.6}% 19
\BOOKMARK [2][-]{subsection.1.6.2}{1.6.2 LASSO \(1\) regression}{section.1.6}% 20
\BOOKMARK [2][-]{subsection.1.6.3}{1.6.3 Regularised Random Forest}{section.1.6}% 21
