\BOOKMARK [0][]{chapter.1}{1 Methods}{}% 1
\BOOKMARK [1][-]{section.1.1}{1.1 Hi-C data}{chapter.1}% 2
\BOOKMARK [2][-]{subsection.1.1.1}{1.1.1 Mapping}{section.1.1}% 3
\BOOKMARK [2][-]{subsection.1.1.2}{1.1.2 Filtering}{section.1.1}% 4
\BOOKMARK [2][-]{subsection.1.1.3}{1.1.3 Correction}{section.1.1}% 5
\BOOKMARK [2][-]{subsection.1.1.4}{1.1.4 Eigenvector calculation}{section.1.1}% 6
\BOOKMARK [1][-]{section.1.2}{1.2 ENCODE features}{chapter.1}% 7
\BOOKMARK [2][-]{subsection.1.2.1}{1.2.1 Clustering input features}{section.1.2}% 8
\BOOKMARK [1][-]{section.1.3}{1.3 Modelling}{chapter.1}% 9
\BOOKMARK [2][-]{subsection.1.3.1}{1.3.1 Random Forest}{section.1.3}% 10
\BOOKMARK [2][-]{subsection.1.3.2}{1.3.2 Model performance}{section.1.3}% 11
\BOOKMARK [2][-]{subsection.1.3.3}{1.3.3 Other modelling approaches}{section.1.3}% 12
\BOOKMARK [1][-]{section.1.4}{1.4 Variable regions}{chapter.1}% 13
\BOOKMARK [2][-]{subsection.1.4.1}{1.4.1 Stratification by variability}{section.1.4}% 14
\BOOKMARK [2][-]{subsection.1.4.2}{1.4.2 Enhancer enrichment}{section.1.4}% 15
\BOOKMARK [2][-]{subsection.1.4.3}{1.4.3 Gene ontology analysis}{section.1.4}% 16
\BOOKMARK [1][-]{section.1.5}{1.5 Boundaries}{chapter.1}% 17
\BOOKMARK [2][-]{subsection.1.5.1}{1.5.1 TADs}{section.1.5}% 18
\BOOKMARK [2][-]{subsection.1.5.2}{1.5.2 Compartments}{section.1.5}% 19
\BOOKMARK [2][-]{subsection.1.5.3}{1.5.3 MetaTADs}{section.1.5}% 20
\BOOKMARK [1][-]{section.1.6}{1.6 Giemsa band comparison}{chapter.1}% 21
\BOOKMARK [1][-]{section.1.7}{1.7 Nuclear positioning}{chapter.1}% 22
\BOOKMARK [1][-]{section.1.8}{1.8 4C analysis}{chapter.1}% 23
\BOOKMARK [2][-]{subsection.1.8.1}{1.8.1 Normalisation}{section.1.8}% 24
\BOOKMARK [2][-]{subsection.1.8.2}{1.8.2 Significance estimation}{section.1.8}% 25
\BOOKMARK [2][-]{subsection.1.8.3}{1.8.3 3\205D modelling}{section.1.8}% 26
\BOOKMARK [1][-]{section.1.9}{1.9 5C analysis}{chapter.1}% 27
\BOOKMARK [1][-]{section.1.10}{1.10 Scripts and other analyses}{chapter.1}% 28
